2020/01/15 23:07:01 [warn] 48#48: *1 [lua] plugin.lua:123: load(): loaded plugin and sort by priority: 10000 name: serverless-pre-function, context: init_worker_by_lua*
2020/01/15 23:07:01 [warn] 48#48: *1 [lua] plugin.lua:123: load(): loaded plugin and sort by priority: 3000 name: ip-restriction, context: init_worker_by_lua*
2020/01/15 23:07:01 [warn] 48#48: *1 [lua] plugin.lua:123: load(): loaded plugin and sort by priority: 2599 name: openid-connect, context: init_worker_by_lua*
2020/01/15 23:07:01 [warn] 48#48: *1 [lua] plugin.lua:123: load(): loaded plugin and sort by priority: 2510 name: jwt-auth, context: init_worker_by_lua*
2020/01/15 23:07:01 [warn] 48#48: *1 [lua] plugin.lua:123: load(): loaded plugin and sort by priority: 2500 name: key-auth, context: init_worker_by_lua*
2020/01/15 23:07:01 [warn] 48#48: *1 [lua] plugin.lua:123: load(): loaded plugin and sort by priority: 1008 name: proxy-rewrite, context: init_worker_by_lua*
2020/01/15 23:07:01 [warn] 48#48: *1 [lua] plugin.lua:123: load(): loaded plugin and sort by priority: 1003 name: limit-conn, context: init_worker_by_lua*
2020/01/15 23:07:01 [warn] 48#48: *1 [lua] plugin.lua:123: load(): loaded plugin and sort by priority: 1002 name: limit-count, context: init_worker_by_lua*
2020/01/15 23:07:01 [warn] 48#48: *1 [lua] plugin.lua:123: load(): loaded plugin and sort by priority: 1001 name: limit-req, context: init_worker_by_lua*
2020/01/15 23:07:01 [warn] 48#48: *1 [lua] plugin.lua:123: load(): loaded plugin and sort by priority: 1000 name: node-status, context: init_worker_by_lua*
2020/01/15 23:07:01 [warn] 48#48: *1 [lua] plugin.lua:123: load(): loaded plugin and sort by priority: 900 name: redirect, context: init_worker_by_lua*
2020/01/15 23:07:01 [warn] 48#48: *1 [lua] plugin.lua:123: load(): loaded plugin and sort by priority: 899 name: response-rewrite, context: init_worker_by_lua*
2020/01/15 23:07:01 [warn] 48#48: *1 [lua] plugin.lua:123: load(): loaded plugin and sort by priority: 506 name: grpc-transcode, context: init_worker_by_lua*
2020/01/15 23:07:01 [warn] 48#48: *1 [lua] plugin.lua:123: load(): loaded plugin and sort by priority: 500 name: prometheus, context: init_worker_by_lua*
2020/01/15 23:07:01 [warn] 48#48: *1 [lua] plugin.lua:123: load(): loaded plugin and sort by priority: 100 name: heartbeat, context: init_worker_by_lua*
2020/01/15 23:07:01 [warn] 48#48: *1 [lua] plugin.lua:123: load(): loaded plugin and sort by priority: 0 name: example-plugin, context: init_worker_by_lua*
2020/01/15 23:07:01 [warn] 48#48: *1 [lua] plugin.lua:123: load(): loaded plugin and sort by priority: -1000 name: zipkin, context: init_worker_by_lua*
2020/01/15 23:07:01 [warn] 48#48: *1 [lua] plugin.lua:123: load(): loaded plugin and sort by priority: -2000 name: serverless-post-function, context: init_worker_by_lua*
2020/01/15 23:07:01 [warn] 48#48: *1 [lua] plugin.lua:162: load_stream(): loaded stream plugin and sort by priority: 1000 name: mqtt-proxy, context: init_worker_by_lua*
2020/01/15 23:07:01 [warn] 49#49: *2 [lua] plugin.lua:123: load(): loaded plugin and sort by priority: 10000 name: serverless-pre-function, context: init_worker_by_lua*
2020/01/15 23:07:01 [warn] 49#49: *2 [lua] plugin.lua:123: load(): loaded plugin and sort by priority: 3000 name: ip-restriction, context: init_worker_by_lua*
2020/01/15 23:07:01 [warn] 49#49: *2 [lua] plugin.lua:123: load(): loaded plugin and sort by priority: 2599 name: openid-connect, context: init_worker_by_lua*
2020/01/15 23:07:01 [warn] 49#49: *2 [lua] plugin.lua:123: load(): loaded plugin and sort by priority: 2510 name: jwt-auth, context: init_worker_by_lua*
2020/01/15 23:07:01 [warn] 49#49: *2 [lua] plugin.lua:123: load(): loaded plugin and sort by priority: 2500 name: key-auth, context: init_worker_by_lua*
2020/01/15 23:07:01 [warn] 49#49: *2 [lua] plugin.lua:123: load(): loaded plugin and sort by priority: 1008 name: proxy-rewrite, context: init_worker_by_lua*
2020/01/15 23:07:01 [warn] 49#49: *2 [lua] plugin.lua:123: load(): loaded plugin and sort by priority: 1003 name: limit-conn, context: init_worker_by_lua*
2020/01/15 23:07:01 [warn] 49#49: *2 [lua] plugin.lua:123: load(): loaded plugin and sort by priority: 1002 name: limit-count, context: init_worker_by_lua*
2020/01/15 23:07:01 [warn] 49#49: *2 [lua] plugin.lua:123: load(): loaded plugin and sort by priority: 1001 name: limit-req, context: init_worker_by_lua*
2020/01/15 23:07:01 [warn] 49#49: *2 [lua] plugin.lua:123: load(): loaded plugin and sort by priority: 1000 name: node-status, context: init_worker_by_lua*
2020/01/15 23:07:01 [warn] 49#49: *2 [lua] plugin.lua:123: load(): loaded plugin and sort by priority: 900 name: redirect, context: init_worker_by_lua*
2020/01/15 23:07:01 [warn] 49#49: *2 [lua] plugin.lua:123: load(): loaded plugin and sort by priority: 899 name: response-rewrite, context: init_worker_by_lua*
2020/01/15 23:07:01 [warn] 49#49: *2 [lua] plugin.lua:123: load(): loaded plugin and sort by priority: 506 name: grpc-transcode, context: init_worker_by_lua*
2020/01/15 23:07:01 [warn] 49#49: *2 [lua] plugin.lua:123: load(): loaded plugin and sort by priority: 500 name: prometheus, context: init_worker_by_lua*
2020/01/15 23:07:01 [warn] 49#49: *2 [lua] plugin.lua:123: load(): loaded plugin and sort by priority: 100 name: heartbeat, context: init_worker_by_lua*
2020/01/15 23:07:01 [warn] 49#49: *2 [lua] plugin.lua:123: load(): loaded plugin and sort by priority: 0 name: example-plugin, context: init_worker_by_lua*
2020/01/15 23:07:01 [warn] 49#49: *2 [lua] plugin.lua:123: load(): loaded plugin and sort by priority: -1000 name: zipkin, context: init_worker_by_lua*
2020/01/15 23:07:01 [warn] 49#49: *2 [lua] plugin.lua:123: load(): loaded plugin and sort by priority: -2000 name: serverless-post-function, context: init_worker_by_lua*
2020/01/15 23:07:01 [warn] 49#49: *2 [lua] plugin.lua:162: load_stream(): loaded stream plugin and sort by priority: 1000 name: mqtt-proxy, context: init_worker_by_lua*
2020/01/15 23:07:01 [error] 48#48: *10 [lua] heartbeat.lua:72: failed to fetch etcd version: etcd could not be resolved (3: Host not found), context: ngx.timer
2020/01/15 23:07:20 [error] 48#48: wrong ident 54110 response for etcd, expect 17216
2020/01/15 23:07:21 [error] 49#49: wrong ident 44245 response for etcd, expect 52824
2020/01/15 23:07:27 [error] 49#49: wrong ident 35773 response for etcd, expect 34892
2020/01/15 23:07:50 [error] 49#49: wrong ident 57986 response for etcd, expect 29975
2020/01/15 23:08:09 [error] 49#49: wrong ident 2176 response for etcd, expect 41110
2020/01/15 23:08:40 [error] 49#49: wrong ident 1933 response for etcd, expect 20255
2020/01/15 23:08:44 [error] 48#48: wrong ident 56217 response for etcd, expect 2000
2020/01/15 23:10:16 [warn] 40#40: *2 [lua] plugin.lua:123: load(): loaded plugin and sort by priority: 10000 name: serverless-pre-function, context: init_worker_by_lua*
2020/01/15 23:10:16 [warn] 40#40: *2 [lua] plugin.lua:123: load(): loaded plugin and sort by priority: 3000 name: ip-restriction, context: init_worker_by_lua*
2020/01/15 23:10:16 [warn] 40#40: *2 [lua] plugin.lua:123: load(): loaded plugin and sort by priority: 2599 name: openid-connect, context: init_worker_by_lua*
2020/01/15 23:10:16 [warn] 40#40: *2 [lua] plugin.lua:123: load(): loaded plugin and sort by priority: 2510 name: jwt-auth, context: init_worker_by_lua*
2020/01/15 23:10:16 [warn] 40#40: *2 [lua] plugin.lua:123: load(): loaded plugin and sort by priority: 2500 name: key-auth, context: init_worker_by_lua*
2020/01/15 23:10:16 [warn] 40#40: *2 [lua] plugin.lua:123: load(): loaded plugin and sort by priority: 1008 name: proxy-rewrite, context: init_worker_by_lua*
2020/01/15 23:10:16 [warn] 40#40: *2 [lua] plugin.lua:123: load(): loaded plugin and sort by priority: 1003 name: limit-conn, context: init_worker_by_lua*
2020/01/15 23:10:16 [warn] 40#40: *2 [lua] plugin.lua:123: load(): loaded plugin and sort by priority: 1002 name: limit-count, context: init_worker_by_lua*
2020/01/15 23:10:16 [warn] 40#40: *2 [lua] plugin.lua:123: load(): loaded plugin and sort by priority: 1001 name: limit-req, context: init_worker_by_lua*
2020/01/15 23:10:16 [warn] 40#40: *2 [lua] plugin.lua:123: load(): loaded plugin and sort by priority: 1000 name: node-status, context: init_worker_by_lua*
2020/01/15 23:10:16 [warn] 40#40: *2 [lua] plugin.lua:123: load(): loaded plugin and sort by priority: 900 name: redirect, context: init_worker_by_lua*
2020/01/15 23:10:16 [warn] 40#40: *2 [lua] plugin.lua:123: load(): loaded plugin and sort by priority: 899 name: response-rewrite, context: init_worker_by_lua*
2020/01/15 23:10:16 [warn] 40#40: *2 [lua] plugin.lua:123: load(): loaded plugin and sort by priority: 506 name: grpc-transcode, context: init_worker_by_lua*
2020/01/15 23:10:16 [warn] 40#40: *2 [lua] plugin.lua:123: load(): loaded plugin and sort by priority: 500 name: prometheus, context: init_worker_by_lua*
2020/01/15 23:10:16 [warn] 40#40: *2 [lua] plugin.lua:123: load(): loaded plugin and sort by priority: 100 name: heartbeat, context: init_worker_by_lua*
2020/01/15 23:10:16 [warn] 40#40: *2 [lua] plugin.lua:123: load(): loaded plugin and sort by priority: 0 name: example-plugin, context: init_worker_by_lua*
2020/01/15 23:10:16 [warn] 40#40: *2 [lua] plugin.lua:123: load(): loaded plugin and sort by priority: -1000 name: zipkin, context: init_worker_by_lua*
2020/01/15 23:10:16 [warn] 40#40: *2 [lua] plugin.lua:123: load(): loaded plugin and sort by priority: -2000 name: serverless-post-function, context: init_worker_by_lua*
2020/01/15 23:10:16 [warn] 39#39: *1 [lua] plugin.lua:123: load(): loaded plugin and sort by priority: 10000 name: serverless-pre-function, context: init_worker_by_lua*
2020/01/15 23:10:16 [warn] 39#39: *1 [lua] plugin.lua:123: load(): loaded plugin and sort by priority: 3000 name: ip-restriction, context: init_worker_by_lua*
2020/01/15 23:10:16 [warn] 39#39: *1 [lua] plugin.lua:123: load(): loaded plugin and sort by priority: 2599 name: openid-connect, context: init_worker_by_lua*
2020/01/15 23:10:16 [warn] 40#40: *2 [lua] plugin.lua:162: load_stream(): loaded stream plugin and sort by priority: 1000 name: mqtt-proxy, context: init_worker_by_lua*
2020/01/15 23:10:16 [warn] 39#39: *1 [lua] plugin.lua:123: load(): loaded plugin and sort by priority: 2510 name: jwt-auth, context: init_worker_by_lua*
2020/01/15 23:10:16 [warn] 39#39: *1 [lua] plugin.lua:123: load(): loaded plugin and sort by priority: 2500 name: key-auth, context: init_worker_by_lua*
2020/01/15 23:10:16 [warn] 39#39: *1 [lua] plugin.lua:123: load(): loaded plugin and sort by priority: 1008 name: proxy-rewrite, context: init_worker_by_lua*
2020/01/15 23:10:16 [warn] 39#39: *1 [lua] plugin.lua:123: load(): loaded plugin and sort by priority: 1003 name: limit-conn, context: init_worker_by_lua*
2020/01/15 23:10:16 [warn] 39#39: *1 [lua] plugin.lua:123: load(): loaded plugin and sort by priority: 1002 name: limit-count, context: init_worker_by_lua*
2020/01/15 23:10:16 [warn] 39#39: *1 [lua] plugin.lua:123: load(): loaded plugin and sort by priority: 1001 name: limit-req, context: init_worker_by_lua*
2020/01/15 23:10:16 [warn] 39#39: *1 [lua] plugin.lua:123: load(): loaded plugin and sort by priority: 1000 name: node-status, context: init_worker_by_lua*
2020/01/15 23:10:16 [warn] 39#39: *1 [lua] plugin.lua:123: load(): loaded plugin and sort by priority: 900 name: redirect, context: init_worker_by_lua*
2020/01/15 23:10:16 [warn] 39#39: *1 [lua] plugin.lua:123: load(): loaded plugin and sort by priority: 899 name: response-rewrite, context: init_worker_by_lua*
2020/01/15 23:10:16 [warn] 39#39: *1 [lua] plugin.lua:123: load(): loaded plugin and sort by priority: 506 name: grpc-transcode, context: init_worker_by_lua*
2020/01/15 23:10:16 [warn] 39#39: *1 [lua] plugin.lua:123: load(): loaded plugin and sort by priority: 500 name: prometheus, context: init_worker_by_lua*
2020/01/15 23:10:16 [warn] 39#39: *1 [lua] plugin.lua:123: load(): loaded plugin and sort by priority: 100 name: heartbeat, context: init_worker_by_lua*
2020/01/15 23:10:16 [warn] 39#39: *1 [lua] plugin.lua:123: load(): loaded plugin and sort by priority: 0 name: example-plugin, context: init_worker_by_lua*
2020/01/15 23:10:16 [warn] 39#39: *1 [lua] plugin.lua:123: load(): loaded plugin and sort by priority: -1000 name: zipkin, context: init_worker_by_lua*
2020/01/15 23:10:16 [warn] 39#39: *1 [lua] plugin.lua:123: load(): loaded plugin and sort by priority: -2000 name: serverless-post-function, context: init_worker_by_lua*
2020/01/15 23:10:16 [warn] 39#39: *1 [lua] plugin.lua:162: load_stream(): loaded stream plugin and sort by priority: 1000 name: mqtt-proxy, context: init_worker_by_lua*
2020/01/15 23:34:56 [warn] 39#39: *2 [lua] plugin.lua:123: load(): loaded plugin and sort by priority: 10000 name: serverless-pre-function, context: init_worker_by_lua*
2020/01/15 23:34:56 [warn] 39#39: *2 [lua] plugin.lua:123: load(): loaded plugin and sort by priority: 3000 name: ip-restriction, context: init_worker_by_lua*
2020/01/15 23:34:56 [warn] 39#39: *2 [lua] plugin.lua:123: load(): loaded plugin and sort by priority: 2599 name: openid-connect, context: init_worker_by_lua*
2020/01/15 23:34:56 [warn] 39#39: *2 [lua] plugin.lua:123: load(): loaded plugin and sort by priority: 2510 name: jwt-auth, context: init_worker_by_lua*
2020/01/15 23:34:56 [warn] 39#39: *2 [lua] plugin.lua:123: load(): loaded plugin and sort by priority: 2500 name: key-auth, context: init_worker_by_lua*
2020/01/15 23:34:56 [warn] 39#39: *2 [lua] plugin.lua:123: load(): loaded plugin and sort by priority: 1008 name: proxy-rewrite, context: init_worker_by_lua*
2020/01/15 23:34:56 [warn] 39#39: *2 [lua] plugin.lua:123: load(): loaded plugin and sort by priority: 1003 name: limit-conn, context: init_worker_by_lua*
2020/01/15 23:34:56 [warn] 39#39: *2 [lua] plugin.lua:123: load(): loaded plugin and sort by priority: 1002 name: limit-count, context: init_worker_by_lua*
2020/01/15 23:34:56 [warn] 38#38: *1 [lua] plugin.lua:123: load(): loaded plugin and sort by priority: 10000 name: serverless-pre-function, context: init_worker_by_lua*
2020/01/15 23:34:56 [warn] 38#38: *1 [lua] plugin.lua:123: load(): loaded plugin and sort by priority: 3000 name: ip-restriction, context: init_worker_by_lua*
2020/01/15 23:34:56 [warn] 38#38: *1 [lua] plugin.lua:123: load(): loaded plugin and sort by priority: 2599 name: openid-connect, context: init_worker_by_lua*
2020/01/15 23:34:56 [warn] 38#38: *1 [lua] plugin.lua:123: load(): loaded plugin and sort by priority: 2510 name: jwt-auth, context: init_worker_by_lua*
2020/01/15 23:34:56 [warn] 38#38: *1 [lua] plugin.lua:123: load(): loaded plugin and sort by priority: 2500 name: key-auth, context: init_worker_by_lua*
2020/01/15 23:34:56 [warn] 38#38: *1 [lua] plugin.lua:123: load(): loaded plugin and sort by priority: 1008 name: proxy-rewrite, context: init_worker_by_lua*
2020/01/15 23:34:56 [warn] 38#38: *1 [lua] plugin.lua:123: load(): loaded plugin and sort by priority: 1003 name: limit-conn, context: init_worker_by_lua*
2020/01/15 23:34:56 [warn] 38#38: *1 [lua] plugin.lua:123: load(): loaded plugin and sort by priority: 1002 name: limit-count, context: init_worker_by_lua*
2020/01/15 23:34:56 [warn] 38#38: *1 [lua] plugin.lua:123: load(): loaded plugin and sort by priority: 1001 name: limit-req, context: init_worker_by_lua*
2020/01/15 23:34:56 [warn] 38#38: *1 [lua] plugin.lua:123: load(): loaded plugin and sort by priority: 1000 name: node-status, context: init_worker_by_lua*
2020/01/15 23:34:56 [warn] 38#38: *1 [lua] plugin.lua:123: load(): loaded plugin and sort by priority: 900 name: redirect, context: init_worker_by_lua*
2020/01/15 23:34:56 [warn] 38#38: *1 [lua] plugin.lua:123: load(): loaded plugin and sort by priority: 899 name: response-rewrite, context: init_worker_by_lua*
2020/01/15 23:34:56 [warn] 38#38: *1 [lua] plugin.lua:123: load(): loaded plugin and sort by priority: 506 name: grpc-transcode, context: init_worker_by_lua*
2020/01/15 23:34:56 [warn] 38#38: *1 [lua] plugin.lua:123: load(): loaded plugin and sort by priority: 500 name: prometheus, context: init_worker_by_lua*
2020/01/15 23:34:56 [warn] 38#38: *1 [lua] plugin.lua:123: load(): loaded plugin and sort by priority: 100 name: heartbeat, context: init_worker_by_lua*
2020/01/15 23:34:56 [warn] 38#38: *1 [lua] plugin.lua:123: load(): loaded plugin and sort by priority: 0 name: example-plugin, context: init_worker_by_lua*
2020/01/15 23:34:56 [warn] 38#38: *1 [lua] plugin.lua:123: load(): loaded plugin and sort by priority: -1000 name: zipkin, context: init_worker_by_lua*
2020/01/15 23:34:56 [warn] 39#39: *2 [lua] plugin.lua:123: load(): loaded plugin and sort by priority: 1001 name: limit-req, context: init_worker_by_lua*
2020/01/15 23:34:56 [warn] 38#38: *1 [lua] plugin.lua:123: load(): loaded plugin and sort by priority: -2000 name: serverless-post-function, context: init_worker_by_lua*
2020/01/15 23:34:56 [warn] 39#39: *2 [lua] plugin.lua:123: load(): loaded plugin and sort by priority: 1000 name: node-status, context: init_worker_by_lua*
2020/01/15 23:34:56 [warn] 39#39: *2 [lua] plugin.lua:123: load(): loaded plugin and sort by priority: 900 name: redirect, context: init_worker_by_lua*
2020/01/15 23:34:56 [warn] 39#39: *2 [lua] plugin.lua:123: load(): loaded plugin and sort by priority: 899 name: response-rewrite, context: init_worker_by_lua*
2020/01/15 23:34:56 [warn] 39#39: *2 [lua] plugin.lua:123: load(): loaded plugin and sort by priority: 506 name: grpc-transcode, context: init_worker_by_lua*
2020/01/15 23:34:56 [warn] 39#39: *2 [lua] plugin.lua:123: load(): loaded plugin and sort by priority: 500 name: prometheus, context: init_worker_by_lua*
2020/01/15 23:34:56 [warn] 39#39: *2 [lua] plugin.lua:123: load(): loaded plugin and sort by priority: 100 name: heartbeat, context: init_worker_by_lua*
2020/01/15 23:34:56 [warn] 39#39: *2 [lua] plugin.lua:123: load(): loaded plugin and sort by priority: 0 name: example-plugin, context: init_worker_by_lua*
2020/01/15 23:34:56 [warn] 39#39: *2 [lua] plugin.lua:123: load(): loaded plugin and sort by priority: -1000 name: zipkin, context: init_worker_by_lua*
2020/01/15 23:34:56 [warn] 39#39: *2 [lua] plugin.lua:123: load(): loaded plugin and sort by priority: -2000 name: serverless-post-function, context: init_worker_by_lua*
2020/01/15 23:34:56 [warn] 38#38: *1 [lua] plugin.lua:162: load_stream(): loaded stream plugin and sort by priority: 1000 name: mqtt-proxy, context: init_worker_by_lua*
2020/01/15 23:34:56 [warn] 39#39: *2 [lua] plugin.lua:162: load_stream(): loaded stream plugin and sort by priority: 1000 name: mqtt-proxy, context: init_worker_by_lua*
2020/01/15 23:40:09 [error] 38#38: *9741 [lua] balancer.lua:269: load_balancer(): failed to pick server: missing upstream configuration while connecting to upstream, client: 192.168.208.1, server: , request: "GET /test HTTP/1.1", host: "localhost:9080"
2020/01/15 23:40:20 [error] 38#38: *9741 [lua] balancer.lua:269: load_balancer(): failed to pick server: missing upstream configuration while connecting to upstream, client: 192.168.208.1, server: , request: "GET /test HTTP/1.1", host: "localhost:9080"
2020/01/15 23:40:54 [error] 38#38: *11132 [lua] balancer.lua:269: load_balancer(): failed to pick server: missing upstream configuration while connecting to upstream, client: 192.168.208.1, server: , request: "GET /test HTTP/1.1", host: "192.168.1.5:9080"
2020/01/15 23:48:48 [error] 38#38: *25821 [lua] balancer.lua:269: load_balancer(): failed to pick server: missing upstream configuration while connecting to upstream, client: 192.168.208.1, server: , request: "GET /test HTTP/1.1", host: "192.168.1.5:9080"
2020/01/15 23:57:02 [error] 39#39: *41185 access forbidden by rule, client: 192.168.208.1, server: , request: "GET /apisix/nginx_status HTTP/1.1", host: "192.168.1.5:9080"
